0 info it worked if it ends with ok
1 verbose cli [ '/usr/bin/node',
1 verbose cli   '/usr/bin/npm',
1 verbose cli   'install',
1 verbose cli   'underscore',
1 verbose cli   '--save' ]
2 info using npm@1.4.28
3 info using node@v0.10.38
4 verbose node symlink /usr/bin/node
5 verbose readDependencies using package.json deps
6 verbose cache add [ 'underscore', null ]
7 verbose cache add name=undefined spec="underscore" args=["underscore",null]
8 verbose parsed url { protocol: null,
8 verbose parsed url   slashes: null,
8 verbose parsed url   auth: null,
8 verbose parsed url   host: null,
8 verbose parsed url   port: null,
8 verbose parsed url   hostname: null,
8 verbose parsed url   hash: null,
8 verbose parsed url   search: null,
8 verbose parsed url   query: null,
8 verbose parsed url   pathname: 'underscore',
8 verbose parsed url   path: 'underscore',
8 verbose parsed url   href: 'underscore' }
9 silly lockFile 64bc6893-underscore underscore
10 verbose lock underscore /home/ovidio/.npm/64bc6893-underscore.lock
11 silly lockFile 64bc6893-underscore underscore
12 silly lockFile 64bc6893-underscore underscore
13 verbose addNamed [ 'underscore', '' ]
14 verbose addNamed [ null, '*' ]
15 silly lockFile 7629b758-underscore underscore@
16 verbose lock underscore@ /home/ovidio/.npm/7629b758-underscore.lock
17 silly addNameRange { name: 'underscore', range: '*', hasData: false }
18 verbose request where is /underscore
19 verbose request registry https://registry.npmjs.org/
20 verbose request id 923a84de35ed1246
21 verbose url raw /underscore
22 verbose url resolving [ 'https://registry.npmjs.org/', './underscore' ]
23 verbose url resolved https://registry.npmjs.org/underscore
24 verbose request where is https://registry.npmjs.org/underscore
25 info trying registry request attempt 1 at 21:44:19
26 verbose etag "9VVKIYG2LGRG300FPQDDIU79K"
27 http GET https://registry.npmjs.org/underscore
28 http 200 https://registry.npmjs.org/underscore
29 silly registry.get cb [ 200,
29 silly registry.get   { server: 'CouchDB/1.5.0 (Erlang OTP/R16B03)',
29 silly registry.get     etag: '"5YJS5BOXQ7VYCG5COKETYQNDJ"',
29 silly registry.get     'content-type': 'application/json',
29 silly registry.get     'cache-control': 'max-age=60',
29 silly registry.get     'content-length': '40739',
29 silly registry.get     'accept-ranges': 'bytes',
29 silly registry.get     date: 'Thu, 18 Jun 2015 01:44:20 GMT',
29 silly registry.get     via: '1.1 varnish',
29 silly registry.get     age: '42',
29 silly registry.get     connection: 'keep-alive',
29 silly registry.get     'x-served-by': 'cache-jfk1023-JFK',
29 silly registry.get     'x-cache': 'HIT',
29 silly registry.get     'x-cache-hits': '2',
29 silly registry.get     'x-timer': 'S1434591860.247126,VS0,VE0',
29 silly registry.get     vary: 'Accept' } ]
30 silly addNameRange number 2 { name: 'underscore', range: '*', hasData: true }
31 silly addNameRange versions [ 'underscore',
31 silly addNameRange   [ '1.0.3',
31 silly addNameRange     '1.0.4',
31 silly addNameRange     '1.1.0',
31 silly addNameRange     '1.1.1',
31 silly addNameRange     '1.1.2',
31 silly addNameRange     '1.1.3',
31 silly addNameRange     '1.1.4',
31 silly addNameRange     '1.1.5',
31 silly addNameRange     '1.1.6',
31 silly addNameRange     '1.1.7',
31 silly addNameRange     '1.2.0',
31 silly addNameRange     '1.2.1',
31 silly addNameRange     '1.2.2',
31 silly addNameRange     '1.2.3',
31 silly addNameRange     '1.2.4',
31 silly addNameRange     '1.3.0',
31 silly addNameRange     '1.3.1',
31 silly addNameRange     '1.3.2',
31 silly addNameRange     '1.3.3',
31 silly addNameRange     '1.4.0',
31 silly addNameRange     '1.4.1',
31 silly addNameRange     '1.4.2',
31 silly addNameRange     '1.4.3',
31 silly addNameRange     '1.4.4',
31 silly addNameRange     '1.5.0',
31 silly addNameRange     '1.5.1',
31 silly addNameRange     '1.5.2',
31 silly addNameRange     '1.6.0',
31 silly addNameRange     '1.7.0',
31 silly addNameRange     '1.8.0',
31 silly addNameRange     '1.8.1',
31 silly addNameRange     '1.8.2',
31 silly addNameRange     '1.8.3' ] ]
32 verbose addNamed [ 'underscore', '1.8.3' ]
33 verbose addNamed [ '1.8.3', '1.8.3' ]
34 silly lockFile e5e32fca-underscore-1-8-3 underscore@1.8.3
35 verbose lock underscore@1.8.3 /home/ovidio/.npm/e5e32fca-underscore-1-8-3.lock
36 silly lockFile d5ea30aa--underscore-underscore-1-8-3-tgz https://registry.npmjs.org/underscore/-/underscore-1.8.3.tgz
37 verbose lock https://registry.npmjs.org/underscore/-/underscore-1.8.3.tgz /home/ovidio/.npm/d5ea30aa--underscore-underscore-1-8-3-tgz.lock
38 verbose addRemoteTarball [ 'https://registry.npmjs.org/underscore/-/underscore-1.8.3.tgz',
38 verbose addRemoteTarball   '4f3fb53b106e6097fcf9cb4109f2a5e9bdfa5022' ]
39 info retry fetch attempt 1 at 21:44:19
40 verbose fetch to= /tmp/npm-10403-2Vd4IJ0C/registry.npmjs.org/underscore/-/underscore-1.8.3.tgz
41 http GET https://registry.npmjs.org/underscore/-/underscore-1.8.3.tgz
42 http 200 https://registry.npmjs.org/underscore/-/underscore-1.8.3.tgz
43 silly lockFile d5ea30aa--underscore-underscore-1-8-3-tgz https://registry.npmjs.org/underscore/-/underscore-1.8.3.tgz
44 silly lockFile d5ea30aa--underscore-underscore-1-8-3-tgz https://registry.npmjs.org/underscore/-/underscore-1.8.3.tgz
45 silly lockFile e5e32fca-underscore-1-8-3 underscore@1.8.3
46 silly lockFile e5e32fca-underscore-1-8-3 underscore@1.8.3
47 silly lockFile 7629b758-underscore underscore@
48 silly lockFile 7629b758-underscore underscore@
49 error Error: EACCES, mkdir '/home/ovidio/.npm/underscore/1.8.3'
49 error  { [Error: EACCES, mkdir '/home/ovidio/.npm/underscore/1.8.3']
49 error   errno: 3,
49 error   code: 'EACCES',
49 error   path: '/home/ovidio/.npm/underscore/1.8.3',
49 error   parent: 'MochaCalculator' }
50 error Please try running this command again as root/Administrator.
51 error System Linux 3.16.0-41-generic
52 error command "/usr/bin/node" "/usr/bin/npm" "install" "underscore" "--save"
53 error cwd /home/ovidio/Projects/MochaCalculator
54 error node -v v0.10.38
55 error npm -v 1.4.28
56 error path /home/ovidio/.npm/underscore/1.8.3
57 error code EACCES
58 error errno 3
59 error stack Error: EACCES, mkdir '/home/ovidio/.npm/underscore/1.8.3'
60 verbose exit [ 3, true ]
